CITICS电子研究 citicsdianzi
EBS固收研究 gh_3a82333cc21a
PPP百人论坛 ppp100forum
StrategyEBSCN gh_b7c872c4e83e
安信化工研究 gh_9c7ede80d04c
财经杂志评论 caijingreview
拆姐 ChaijieChinar
春哥看市场 zhujunchun2014
地产加把劲 i-property
东吴医药研究团队 gh_efdf801dcdae
东兴宏观研究 gh_d301df50ad2d
东兴计算机研究 gh_d58ead61bb93
方正香港策略研究 gh_cdd700649243
广发军工研究团队 gh_fbf73caa2626
国金计算机互联网研究 gh_8c4255a68fa1
国信非银研究 gh_6ccd4953f727
国信证券建材研究 gh_c62963c5d7c5
国资智库 SHGZYJY
海通医讯 gh_7462b5ffeb21
宏观经济智库 hongguanjingjizhiku
黄静频道 gh_3abb7053e270
加菲猫看世界 gh_1db69b22c212
建投通信研究 gh_66f52e41b9af
建投新三板研究 gh_8ce33c614da5
江瀚视野观察 jianghanview
交易门 tradingmen
金融好望角 goodhope8
金融界研究专栏 gh_cc777cd5cc86
金融科技研究 Fintechschool
金融市场部 moneymatrix
金色光 jsguang2016
经济学家圈 dalianpapapa
联讯研究 lx-yanjiu
毛有话说 mao-talk
